<?xml version="1.0" encoding="UTF-8"?>
<testng-results skipped="0" failed="0" ignored="0" total="1" passed="1">
  <reporter-output>
  </reporter-output>
  <suite name="Default suite" duration-ms="14322" started-at="2020-04-26T17:56:25 IST" finished-at="2020-04-26T17:56:39 IST">
    <groups>
    </groups>
    <test name="Default test" duration-ms="14322" started-at="2020-04-26T17:56:25 IST" finished-at="2020-04-26T17:56:39 IST">
      <class name="Mavenofficeproject.Home">
        <test-method status="PASS" signature="commonnavigation()[pri:0, instance:Mavenofficeproject.Home@ae13544]" name="commonnavigation" is-config="true" duration-ms="6384" started-at="2020-04-26T17:56:25 IST" finished-at="2020-04-26T17:56:31 IST">
          <reporter-output>
          </reporter-output>
        </test-method> <!-- commonnavigation -->
        <test-method status="PASS" signature="UserInfo()[pri:0, instance:Mavenofficeproject.Home@ae13544]" name="UserInfo" duration-ms="7872" started-at="2020-04-26T17:56:31 IST" finished-at="2020-04-26T17:56:39 IST">
          <reporter-output>
          </reporter-output>
        </test-method> <!-- UserInfo -->
      </class> <!-- Mavenofficeproject.Home -->
    </test> <!-- Default test -->
  </suite> <!-- Default suite -->
</testng-results>
