<?xml version="1.0" encoding="UTF-8"?>
<!-- Generated by org.testng.reporters.JUnitXMLReporter -->
<testsuite hostname="DESKTOP-6RSUI14" ignored="0" name="Test" tests="4" failures="0" timestamp="2020-04-04T16:42:38 IST" time="47.117" errors="0">
  <testcase name="BasePagenavigation" time="0.17" classname="MavenE2Eproject.ValidateText"/>
  <testcase name="BasePagenavigation" time="13.733" classname="MavenE2Eproject.HomePage"/>
  <testcase name="BasePagenavigation" time="7.611" classname="MavenE2Eproject.HomePage"/>
  <testcase name="BasePagenavigation" time="0.134" classname="MavenE2Eproject.ValidateNavigationBar"/>
</testsuite> <!-- Test -->
