<?xml version="1.0" encoding="UTF-8"?>
<!-- Generated by org.testng.reporters.JUnitXMLReporter -->
<testsuite hostname="DESKTOP-6RSUI14" ignored="0" name="Validating Text" tests="1" failures="1" timestamp="2020-04-05T01:56:30 IST" time="9.916" errors="0">
  <testcase name="BasePagenavigation" time="0.097" classname="MavenE2Eproject.ValidateText">
    <failure type="java.lang.AssertionError" message="expected [FEATURED COURSES1] but found [FEATURED COURSES]">
      <![CDATA[java.lang.AssertionError: expected [FEATURED COURSES1] but found [FEATURED COURSES]
at MavenE2Eproject.ValidateText.BasePagenavigation(ValidateText.java:31)
at java.util.ArrayList.forEach(Unknown Source)
... Removed 32 stack frames]]>
    </failure>
  </testcase> <!-- BasePagenavigation -->
</testsuite> <!-- Validating Text -->
