<?xml version="1.0" encoding="UTF-8"?>
<!-- Generated by org.testng.reporters.JUnitXMLReporter -->
<testsuite hostname="DESKTOP-6RSUI14" name="Test" tests="4" failures="0" timestamp="4 Apr 2020 15:23:43 GMT" time="54.823" errors="0">
  <testcase name="BasePagenavigation" time="0.079" classname="MavenE2Eproject.ValidateText"/>
  <testcase name="BasePagenavigation" time="0.132" classname="MavenE2Eproject.ValidateNavigationBar"/>
  <testcase name="BasePagenavigation" time="22.247" classname="MavenE2Eproject.HomePage"/>
  <testcase name="BasePagenavigation" time="8.185" classname="MavenE2Eproject.HomePage"/>
</testsuite> <!-- Test -->
