<?xml version="1.0" encoding="UTF-8"?>
<testng-results skipped="0" failed="0" total="4" passed="4">
  <reporter-output>
  </reporter-output>
  <suite name="Suite" duration-ms="54823" started-at="2020-04-04T15:22:48Z" finished-at="2020-04-04T15:23:43Z">
    <groups>
    </groups>
    <test name="Test" duration-ms="54823" started-at="2020-04-04T15:22:48Z" finished-at="2020-04-04T15:23:43Z">
      <class name="MavenE2Eproject.ValidateText">
        <test-method status="PASS" signature="BasePagenavigation()[pri:0, instance:MavenE2Eproject.ValidateText@1ba9117e]" name="BasePagenavigation" duration-ms="79" started-at="2020-04-04T20:53:12Z" finished-at="2020-04-04T20:53:12Z">
          <reporter-output>
          </reporter-output>
        </test-method> <!-- BasePagenavigation -->
      </class> <!-- MavenE2Eproject.ValidateText -->
      <class name="MavenE2Eproject.ValidateNavigationBar">
        <test-method status="PASS" signature="BasePagenavigation()[pri:0, instance:MavenE2Eproject.ValidateNavigationBar@732c2a62]" name="BasePagenavigation" duration-ms="132" started-at="2020-04-04T20:53:12Z" finished-at="2020-04-04T20:53:12Z">
          <reporter-output>
          </reporter-output>
        </test-method> <!-- BasePagenavigation -->
      </class> <!-- MavenE2Eproject.ValidateNavigationBar -->
      <class name="MavenE2Eproject.HomePage">
        <test-method status="PASS" signature="initilize()[pri:0, instance:MavenE2Eproject.HomePage@1eb5174b]" name="initilize" is-config="true" duration-ms="5950" started-at="2020-04-04T20:52:48Z" finished-at="2020-04-04T20:52:54Z">
          <reporter-output>
          </reporter-output>
        </test-method> <!-- initilize -->
        <test-method status="PASS" signature="initilise()[pri:0, instance:MavenE2Eproject.ValidateNavigationBar@732c2a62]" name="initilise" is-config="true" duration-ms="8548" started-at="2020-04-04T20:52:54Z" finished-at="2020-04-04T20:53:03Z">
          <reporter-output>
          </reporter-output>
        </test-method> <!-- initilise -->
        <test-method status="PASS" signature="initilize()[pri:0, instance:MavenE2Eproject.ValidateText@1ba9117e]" name="initilize" is-config="true" duration-ms="9047" started-at="2020-04-04T20:53:03Z" finished-at="2020-04-04T20:53:12Z">
          <reporter-output>
          </reporter-output>
        </test-method> <!-- initilize -->
        <test-method status="PASS" signature="BasePagenavigation(java.lang.String, java.lang.String)[pri:0, instance:MavenE2Eproject.HomePage@1eb5174b]" name="BasePagenavigation" duration-ms="22247" started-at="2020-04-04T20:53:12Z" data-provider="getData" finished-at="2020-04-04T20:53:34Z">
          <params>
            <param index="0">
              <value>
                <![CDATA[Restricted@User.com]]>
              </value>
            </param>
            <param index="1">
              <value>
                <![CDATA[123abx]]>
              </value>
            </param>
          </params>
          <reporter-output>
          </reporter-output>
        </test-method> <!-- BasePagenavigation -->
        <test-method status="PASS" signature="BasePagenavigation(java.lang.String, java.lang.String)[pri:0, instance:MavenE2Eproject.HomePage@1eb5174b]" name="BasePagenavigation" duration-ms="8185" started-at="2020-04-04T20:53:34Z" data-provider="getData" finished-at="2020-04-04T20:53:42Z">
          <params>
            <param index="0">
              <value>
                <![CDATA[Non-Restricted@users.com]]>
              </value>
            </param>
            <param index="1">
              <value>
                <![CDATA[123456]]>
              </value>
            </param>
          </params>
          <reporter-output>
          </reporter-output>
        </test-method> <!-- BasePagenavigation -->
        <test-method status="PASS" signature="tear()[pri:0, instance:MavenE2Eproject.HomePage@1eb5174b]" name="tear" is-config="true" duration-ms="204" started-at="2020-04-04T20:53:42Z" finished-at="2020-04-04T20:53:43Z">
          <reporter-output>
          </reporter-output>
        </test-method> <!-- tear -->
        <test-method status="PASS" signature="tear()[pri:0, instance:MavenE2Eproject.ValidateNavigationBar@732c2a62]" name="tear" is-config="true" duration-ms="176" started-at="2020-04-04T20:53:43Z" finished-at="2020-04-04T20:53:43Z">
          <reporter-output>
          </reporter-output>
        </test-method> <!-- tear -->
        <test-method status="PASS" signature="tear()[pri:0, instance:MavenE2Eproject.ValidateText@1ba9117e]" name="tear" is-config="true" duration-ms="99" started-at="2020-04-04T20:53:43Z" finished-at="2020-04-04T20:53:43Z">
          <reporter-output>
          </reporter-output>
        </test-method> <!-- tear -->
      </class> <!-- MavenE2Eproject.HomePage -->
    </test> <!-- Test -->
  </suite> <!-- Suite -->
</testng-results>
